#
# There is insufficient memory for the Java Runtime Environment to continue.
# Native memory allocation (malloc) failed to allocate 32744 bytes for ChunkPool::allocate
# Possible reasons:
#   The system is out of physical RAM or swap space
#   The process is running with CompressedOops enabled, and the Java Heap may be blocking the growth of the native heap
# Possible solutions:
#   Reduce memory load on the system
#   Increase physical memory or swap space
#   Check if swap backing store is full
#   Decrease Java heap size (-Xmx/-Xms)
#   Decrease number of Java threads
#   Decrease Java thread stack sizes (-Xss)
#   Set larger code cache with -XX:ReservedCodeCacheSize=
#   JVM is running with Unscaled Compressed Oops mode in which the Java heap is
#     placed in the first 4GB address space. The Java Heap base address is the
#     maximum limit for the native heap growth. Please use -XX:HeapBaseMinAddress
#     to set the Java Heap base and to place the Java Heap above 4GB virtual address.
# This output file may be truncated or incomplete.
#
#  Out of Memory Error (allocation.cpp:272), pid=18800, tid=0x000000000000438c
#
# JRE version: OpenJDK Runtime Environment (8.0_242-b01) (build 1.8.0_242-release-1644-b01)
# Java VM: OpenJDK 64-Bit Server VM (25.242-b01 mixed mode windows-amd64 compressed oops)
# Failed to write core dump. Minidumps are not enabled by default on client versions of Windows
#

---------------  T H R E A D  ---------------

Current thread (0x0000000019554000):  JavaThread "C2 CompilerThread0" daemon [_thread_in_native, id=17292, stack(0x0000000019e20000,0x0000000019f20000)]

Stack: [0x0000000019e20000,0x0000000019f20000]
[error occurred during error reporting (printing stack bounds), id 0xc0000005]

Native frames: (J=compiled Java code, j=interpreted, Vv=VM code, C=native code)


Current CompileTask:
C2:  20259 2441  s!   4       sun.misc.URLClassPath::getLoader (243 bytes)


---------------  P R O C E S S  ---------------

Java Threads: ( => current thread )
  0x0000000019568000 JavaThread "Cache worker for execution history cache (C:\Users\mdans\.gradle\caches\6.1.1\executionHistory)" [_thread_blocked, id=7212, stack(0x0000000020d50000,0x0000000020e50000)]
  0x0000000019561800 JavaThread "Cache worker for cache directory md-rule (C:\Users\mdans\.gradle\caches\6.1.1\md-rule)" [_thread_blocked, id=13616, stack(0x0000000020c50000,0x0000000020d50000)]
  0x0000000019567000 JavaThread "Cache worker for cache directory md-supplier (C:\Users\mdans\.gradle\caches\6.1.1\md-supplier)" [_thread_blocked, id=13520, stack(0x0000000020b50000,0x0000000020c50000)]
  0x0000000019565800 JavaThread "Cache worker for file hash cache (C:\projects\AndroidStudio\.gradle\6.1.1\fileHashes)" [_thread_blocked, id=6140, stack(0x000000001f410000,0x000000001f510000)]
  0x0000000019565000 JavaThread "Cache worker for checksums cache (C:\projects\AndroidStudio\.gradle\checksums)" [_thread_blocked, id=11480, stack(0x000000001f310000,0x000000001f410000)]
  0x0000000019566800 JavaThread "Cache worker for file hash cache (C:\Users\mdans\.gradle\caches\6.1.1\fileHashes)" [_thread_blocked, id=1236, stack(0x000000001e240000,0x000000001e340000)]
  0x0000000019562800 JavaThread "File lock request listener" [_thread_in_native, id=9800, stack(0x000000001e140000,0x000000001e240000)]
  0x0000000019563800 JavaThread "Cache worker for journal cache (C:\Users\mdans\.gradle\caches\journal-1)" [_thread_blocked, id=10600, stack(0x000000001e040000,0x000000001e140000)]
  0x000000001aaef800 JavaThread "Thread-9" [_thread_blocked, id=8068, stack(0x000000001dd40000,0x000000001de40000)]
  0x000000001aaec800 JavaThread "Stdin handler" [_thread_blocked, id=17384, stack(0x000000001dc40000,0x000000001dd40000)]
  0x000000001ac05000 JavaThread "Asynchronous log dispatcher for DefaultDaemonConnection: socket connection from /127.0.0.1:51282 to /127.0.0.1:51283" [_thread_blocked, id=10960, stack(0x000000001db40000,0x000000001dc40000)]
  0x000000001ac16000 JavaThread "Daemon worker" [_thread_in_native, id=2240, stack(0x000000001da40000,0x000000001db40000)]
  0x000000001ac15000 JavaThread "Cancel handler" [_thread_blocked, id=9796, stack(0x000000001d940000,0x000000001da40000)]
  0x000000001acb8800 JavaThread "Handler for socket connection from /127.0.0.1:51282 to /127.0.0.1:51283" [_thread_in_native, id=16872, stack(0x000000001d640000,0x000000001d740000)]
  0x000000001acb6000 JavaThread "Daemon" [_thread_blocked, id=15640, stack(0x000000001d540000,0x000000001d640000)]
  0x000000001aaa6000 JavaThread "Daemon periodic checks" [_thread_blocked, id=17464, stack(0x000000001d440000,0x000000001d540000)]
  0x000000001aaa5800 JavaThread "Incoming local TCP Connector on port 51282" [_thread_in_native, id=19112, stack(0x000000001d200000,0x000000001d300000)]
  0x000000001966d000 JavaThread "Daemon health stats" [_thread_blocked, id=480, stack(0x000000001cbc0000,0x000000001ccc0000)]
  0x00000000195f2800 JavaThread "Service Thread" daemon [_thread_blocked, id=2412, stack(0x000000001a220000,0x000000001a320000)]
  0x0000000019564000 JavaThread "C1 CompilerThread3" daemon [_thread_blocked, id=15092, stack(0x000000001a120000,0x000000001a220000)]
  0x000000001771e000 JavaThread "C2 CompilerThread2" daemon [_thread_in_native, id=1608, stack(0x000000001a020000,0x000000001a120000)]
  0x000000001771c800 JavaThread "C2 CompilerThread1" daemon [_thread_in_native, id=12336, stack(0x0000000019f20000,0x000000001a020000)]
=>0x0000000019554000 JavaThread "C2 CompilerThread0" daemon [_thread_in_native, id=17292, stack(0x0000000019e20000,0x0000000019f20000)]
  0x0000000019553000 JavaThread "Attach Listener" daemon [_thread_blocked, id=10244, stack(0x0000000019d20000,0x0000000019e20000)]
  0x0000000019555800 JavaThread "Signal Dispatcher" daemon [_thread_blocked, id=17564, stack(0x0000000019c20000,0x0000000019d20000)]
  0x000000000269d800 JavaThread "Finalizer" daemon [_thread_blocked, id=10048, stack(0x0000000019a20000,0x0000000019b20000)]
  0x0000000002697000 JavaThread "Reference Handler" daemon [_thread_blocked, id=18700, stack(0x0000000019920000,0x0000000019a20000)]
  0x000000000259e000 JavaThread "main" [_thread_blocked, id=17436, stack(0x0000000002470000,0x0000000002570000)]

Other Threads:
  0x0000000017706000 VMThread [stack: 0x0000000019420000,0x0000000019520000] [id=15156]
  0x00000000195c5800 WatcherThread [stack: 0x000000001a320000,0x000000001a420000] [id=20204]

VM state:not at safepoint (normal execution)

VM Mutex/Monitor currently owned by a thread: None

heap address: 0x0000000080000000, size: 2048 MB, Compressed Oops mode: 32-bit
Narrow klass base: 0x0000000000000000, Narrow klass shift: 3
Compressed class space size: 1073741824 Address: 0x0000000100000000

Heap:
 PSYoungGen      total 36352K, used 30372K [0x00000000d5580000, 0x00000000d8700000, 0x0000000100000000)
  eden space 30208K, 80% used [0x00000000d5580000,0x00000000d6d2d068,0x00000000d7300000)
  from space 6144K, 99% used [0x00000000d7380000,0x00000000d797c0b8,0x00000000d7980000)
  to   space 10240K, 0% used [0x00000000d7d00000,0x00000000d7d00000,0x00000000d8700000)
 ParOldGen       total 46080K, used 9157K [0x0000000080000000, 0x0000000082d00000, 0x00000000d5580000)
  object space 46080K, 19% used [0x0000000080000000,0x00000000808f1430,0x0000000082d00000)
 Metaspace       used 31789K, capacity 32524K, committed 32816K, reserved 1077248K
  class space    used 4322K, capacity 4542K, committed 4656K, reserved 1048576K

Card table byte_map: [0x0000000011a60000,0x0000000011e70000] byte_map_base: 0x0000000011660000

Marking Bits: (ParMarkBitMap*) 0x0000000061c4f030
 Begin Bits: [0x0000000012920000, 0x0000000014920000)
 End Bits:   [0x0000000014920000, 0x0000000016920000)

Polling page: 0x0000000000b80000

CodeCache: size=245760Kb used=8801Kb max_used=8929Kb free=236958Kb
 bounds [0x00000000026a0000, 0x0000000002f60000, 0x00000000116a0000]
 total_blobs=2974 nmethods=2290 adapters=596
 compilation: enabled

Compilation events (10 events):
Event: 20.097 Thread 0x0000000019564000 2457       3       org.codehaus.groovy.util.ComplexKeyHashMap$1::hasNext (13 bytes)
Event: 20.097 Thread 0x0000000019564000 nmethod 2457 0x0000000002f3e390 code [0x0000000002f3e4e0, 0x0000000002f3e690]
Event: 20.097 Thread 0x0000000019564000 2456       3       org.codehaus.groovy.util.ComplexKeyHashMap$1::next (5 bytes)
Event: 20.097 Thread 0x0000000019564000 nmethod 2456 0x0000000002f53490 code [0x0000000002f53600, 0x0000000002f537a8]
Event: 20.100 Thread 0x0000000019564000 2458       3       java.beans.PropertyDescriptor::getPropertyType0 (22 bytes)
Event: 20.100 Thread 0x0000000019564000 nmethod 2458 0x0000000002f53850 code [0x0000000002f539c0, 0x0000000002f53d28]
Event: 20.100 Thread 0x0000000019564000 2459       3       groovy.lang.MetaClassImpl::establishStaticMetaProperty (262 bytes)
Event: 20.102 Thread 0x0000000019564000 nmethod 2459 0x0000000002f53e10 code [0x0000000002f54080, 0x0000000002f55438]
Event: 20.111 Thread 0x0000000019564000 2461       3       java.util.Stack::empty (13 bytes)
Event: 20.112 Thread 0x0000000019564000 nmethod 2461 0x0000000002f55c10 code [0x0000000002f55d80, 0x0000000002f56150]

GC Heap History (10 events):
Event: 13.669 GC heap before
{Heap before GC invocations=6 (full 0):
 PSYoungGen      total 37888K, used 37435K [0x00000000d5580000, 0x00000000d8980000, 0x0000000100000000)
  eden space 32768K, 98% used [0x00000000d5580000,0x00000000d7512db8,0x00000000d7580000)
  from space 5120K, 99% used [0x00000000d7600000,0x00000000d7afc010,0x00000000d7b00000)
  to   space 10240K, 0% used [0x00000000d7f80000,0x00000000d7f80000,0x00000000d8980000)
 ParOldGen       total 87552K, used 7289K [0x0000000080000000, 0x0000000085580000, 0x00000000d5580000)
  object space 87552K, 8% used [0x0000000080000000,0x000000008071e660,0x0000000085580000)
 Metaspace       used 20601K, capacity 21224K, committed 21296K, reserved 1067008K
  class space    used 2883K, capacity 3084K, committed 3120K, reserved 1048576K
Event: 13.676 GC heap after
Heap after GC invocations=6 (full 0):
 PSYoungGen      total 41984K, used 8641K [0x00000000d5580000, 0x00000000d8b00000, 0x0000000100000000)
  eden space 31744K, 0% used [0x00000000d5580000,0x00000000d5580000,0x00000000d7480000)
  from space 10240K, 84% used [0x00000000d7f80000,0x00000000d87f0750,0x00000000d8980000)
  to   space 11264K, 0% used [0x00000000d7480000,0x00000000d7480000,0x00000000d7f80000)
 ParOldGen       total 87552K, used 7297K [0x0000000080000000, 0x0000000085580000, 0x00000000d5580000)
  object space 87552K, 8% used [0x0000000080000000,0x0000000080720660,0x0000000085580000)
 Metaspace       used 20601K, capacity 21224K, committed 21296K, reserved 1067008K
  class space    used 2883K, capacity 3084K, committed 3120K, reserved 1048576K
}
Event: 13.676 GC heap before
{Heap before GC invocations=7 (full 1):
 PSYoungGen      total 41984K, used 8641K [0x00000000d5580000, 0x00000000d8b00000, 0x0000000100000000)
  eden space 31744K, 0% used [0x00000000d5580000,0x00000000d5580000,0x00000000d7480000)
  from space 10240K, 84% used [0x00000000d7f80000,0x00000000d87f0750,0x00000000d8980000)
  to   space 11264K, 0% used [0x00000000d7480000,0x00000000d7480000,0x00000000d7f80000)
 ParOldGen       total 87552K, used 7297K [0x0000000080000000, 0x0000000085580000, 0x00000000d5580000)
  object space 87552K, 8% used [0x0000000080000000,0x0000000080720660,0x0000000085580000)
 Metaspace       used 20601K, capacity 21224K, committed 21296K, reserved 1067008K
  class space    used 2883K, capacity 3084K, committed 3120K, reserved 1048576K
Event: 13.706 GC heap after
Heap after GC invocations=7 (full 1):
 PSYoungGen      total 41984K, used 0K [0x00000000d5580000, 0x00000000d8b00000, 0x0000000100000000)
  eden space 31744K, 0% used [0x00000000d5580000,0x00000000d5580000,0x00000000d7480000)
  from space 10240K, 0% used [0x00000000d7f80000,0x00000000d7f80000,0x00000000d8980000)
  to   space 11264K, 0% used [0x00000000d7480000,0x00000000d7480000,0x00000000d7f80000)
 ParOldGen       total 46080K, used 9133K [0x0000000080000000, 0x0000000082d00000, 0x00000000d5580000)
  object space 46080K, 19% used [0x0000000080000000,0x00000000808eb430,0x0000000082d00000)
 Metaspace       used 20601K, capacity 21224K, committed 21296K, reserved 1067008K
  class space    used 2883K, capacity 3084K, committed 3120K, reserved 1048576K
}
Event: 14.599 GC heap before
{Heap before GC invocations=8 (full 1):
 PSYoungGen      total 41984K, used 31744K [0x00000000d5580000, 0x00000000d8b00000, 0x0000000100000000)
  eden space 31744K, 100% used [0x00000000d5580000,0x00000000d7480000,0x00000000d7480000)
  from space 10240K, 0% used [0x00000000d7f80000,0x00000000d7f80000,0x00000000d8980000)
  to   space 11264K, 0% used [0x00000000d7480000,0x00000000d7480000,0x00000000d7f80000)
 ParOldGen       total 46080K, used 9133K [0x0000000080000000, 0x0000000082d00000, 0x00000000d5580000)
  object space 46080K, 19% used [0x0000000080000000,0x00000000808eb430,0x0000000082d00000)
 Metaspace       used 22727K, capacity 23430K, committed 23728K, reserved 1069056K
  class space    used 3234K, capacity 3479K, committed 3504K, reserved 1048576K
Event: 14.602 GC heap after
Heap after GC invocations=8 (full 1):
 PSYoungGen      total 34304K, used 2924K [0x00000000d5580000, 0x00000000d8a00000, 0x0000000100000000)
  eden space 31232K, 0% used [0x00000000d5580000,0x00000000d5580000,0x00000000d7400000)
  from space 3072K, 95% used [0x00000000d7480000,0x00000000d775b0c0,0x00000000d7780000)
  to   space 11264K, 0% used [0x00000000d7f00000,0x00000000d7f00000,0x00000000d8a00000)
 ParOldGen       total 46080K, used 9141K [0x0000000080000000, 0x0000000082d00000, 0x00000000d5580000)
  object space 46080K, 19% used [0x0000000080000000,0x00000000808ed430,0x0000000082d00000)
 Metaspace       used 22727K, capacity 23430K, committed 23728K, reserved 1069056K
  class space    used 3234K, capacity 3479K, committed 3504K, reserved 1048576K
}
Event: 18.525 GC heap before
{Heap before GC invocations=9 (full 1):
 PSYoungGen      total 34304K, used 34156K [0x00000000d5580000, 0x00000000d8a00000, 0x0000000100000000)
  eden space 31232K, 100% used [0x00000000d5580000,0x00000000d7400000,0x00000000d7400000)
  from space 3072K, 95% used [0x00000000d7480000,0x00000000d775b0c0,0x00000000d7780000)
  to   space 11264K, 0% used [0x00000000d7f00000,0x00000000d7f00000,0x00000000d8a00000)
 ParOldGen       total 46080K, used 9141K [0x0000000080000000, 0x0000000082d00000, 0x00000000d5580000)
  object space 46080K, 19% used [0x0000000080000000,0x00000000808ed430,0x0000000082d00000)
 Metaspace       used 28222K, capacity 28912K, committed 29232K, reserved 1075200K
  class space    used 3898K, capacity 4127K, committed 4144K, reserved 1048576K
Event: 18.530 GC heap after
Heap after GC invocations=9 (full 1):
 PSYoungGen      total 40448K, used 6035K [0x00000000d5580000, 0x00000000d8880000, 0x0000000100000000)
  eden space 30720K, 0% used [0x00000000d5580000,0x00000000d5580000,0x00000000d7380000)
  from space 9728K, 62% used [0x00000000d7f00000,0x00000000d84e4ef8,0x00000000d8880000)
  to   space 10752K, 0% used [0x00000000d7380000,0x00000000d7380000,0x00000000d7e00000)
 ParOldGen       total 46080K, used 9149K [0x0000000080000000, 0x0000000082d00000, 0x00000000d5580000)
  object space 46080K, 19% used [0x0000000080000000,0x00000000808ef430,0x0000000082d00000)
 Metaspace       used 28222K, capacity 28912K, committed 29232K, reserved 1075200K
  class space    used 3898K, capacity 4127K, committed 4144K, reserved 1048576K
}
Event: 19.800 GC heap before
{Heap before GC invocations=10 (full 1):
 PSYoungGen      total 40448K, used 36755K [0x00000000d5580000, 0x00000000d8880000, 0x0000000100000000)
  eden space 30720K, 100% used [0x00000000d5580000,0x00000000d7380000,0x00000000d7380000)
  from space 9728K, 62% used [0x00000000d7f00000,0x00000000d84e4ef8,0x00000000d8880000)
  to   space 10752K, 0% used [0x00000000d7380000,0x00000000d7380000,0x00000000d7e00000)
 ParOldGen       total 46080K, used 9149K [0x0000000080000000, 0x0000000082d00000, 0x00000000d5580000)
  object space 46080K, 19% used [0x0000000080000000,0x00000000808ef430,0x0000000082d00000)
 Metaspace       used 30803K, capacity 31564K, committed 31792K, reserved 1077248K
  class space    used 4185K, capacity 4399K, committed 4400K, reserved 1048576K
Event: 19.804 GC heap after
Heap after GC invocations=10 (full 1):
 PSYoungGen      total 36352K, used 6128K [0x00000000d5580000, 0x00000000d8700000, 0x0000000100000000)
  eden space 30208K, 0% used [0x00000000d5580000,0x00000000d5580000,0x00000000d7300000)
  from space 6144K, 99% used [0x00000000d7380000,0x00000000d797c0b8,0x00000000d7980000)
  to   space 10240K, 0% used [0x00000000d7d00000,0x00000000d7d00000,0x00000000d8700000)
 ParOldGen       total 46080K, used 9157K [0x0000000080000000, 0x0000000082d00000, 0x00000000d5580000)
  object space 46080K, 19% used [0x0000000080000000,0x00000000808f1430,0x0000000082d00000)
 Metaspace       used 30803K, capacity 31564K, committed 31792K, reserved 1077248K
  class space    used 4185K, capacity 4399K, committed 4400K, reserved 1048576K
}

Deoptimization events (10 events):
Event: 18.512 Thread 0x000000001ac16000 Uncommon trap: reason=class_check action=maybe_recompile pc=0x0000000002d27544 method=sun.misc.URLClassPath.getLoader(I)Lsun/misc/URLClassPath$Loader; @ 239
Event: 18.512 Thread 0x000000001ac16000 Uncommon trap: reason=unstable_if action=reinterpret pc=0x00000000027b4478 method=java.lang.String.regionMatches(ZILjava/lang/String;II)Z @ 41
Event: 18.518 Thread 0x000000001ac16000 Uncommon trap: reason=class_check action=maybe_recompile pc=0x0000000002d27544 method=sun.misc.URLClassPath.getLoader(I)Lsun/misc/URLClassPath$Loader; @ 239
Event: 18.530 Thread 0x0000000002697000 Uncommon trap: reason=unstable_if action=reinterpret pc=0x0000000002bbce7c method=java.lang.ref.Reference.tryHandlePending(Z)Z @ 104
Event: 19.392 Thread 0x000000001ac16000 Uncommon trap: reason=unstable_if action=reinterpret pc=0x00000000029162c4 method=java.util.HashMap.getNode(ILjava/lang/Object;)Ljava/util/HashMap$Node; @ 53
Event: 19.392 Thread 0x000000001ac16000 Uncommon trap: reason=unstable_if action=reinterpret pc=0x0000000002b399bc method=java.util.HashMap.hash(Ljava/lang/Object;)I @ 1
Event: 19.768 Thread 0x000000001ac16000 Uncommon trap: reason=unstable_if action=reinterpret pc=0x0000000002ecac38 method=org.gradle.internal.reflect.PropertyAccessorType.isGetGetterName(Ljava/lang/String;)Z @ 14
Event: 19.834 Thread 0x000000001ac16000 Uncommon trap: reason=unstable_if action=reinterpret pc=0x0000000002d68940 method=org.objectweb.asm.ByteVector.putShort(I)Lorg/objectweb/asm/ByteVector; @ 13
Event: 20.035 Thread 0x000000001ac16000 Uncommon trap: reason=class_check action=maybe_recompile pc=0x0000000002d26a40 method=sun.misc.URLClassPath.getLoader(I)Lsun/misc/URLClassPath$Loader; @ 94
Event: 20.074 Thread 0x000000001ac16000 Uncommon trap: reason=class_check action=maybe_recompile pc=0x0000000002d304c8 method=sun.misc.URLClassPath.getLoader(I)Lsun/misc/URLClassPath$Loader; @ 239

Classes redefined (0 events):
No events

Internal exceptions (10 events):
Event: 19.712 Thread 0x000000001aaef800 Exception <a 'java/lang/NoSuchMethodError': <clinit>> (0x00000000d708aec0) thrown at [C:\src\AOSP-openjdk-git\hotspot\src\share\vm\prims\jni.cpp, line 1615]
Event: 19.712 Thread 0x000000001aaef800 Exception <a 'java/lang/NoSuchMethodError': <clinit>> (0x00000000d7099f80) thrown at [C:\src\AOSP-openjdk-git\hotspot\src\share\vm\prims\jni.cpp, line 1615]
Event: 20.075 Thread 0x000000001ac16000 Exception <a 'java/lang/ClassNotFoundException': build_w1k4zaqnvlb391f4f1oo4btvBeanInfo> (0x00000000d5fd5a80) thrown at [C:\src\AOSP-openjdk-git\hotspot\src\share\vm\classfile\systemDictionary.cpp, line 210]
Event: 20.075 Thread 0x000000001ac16000 Exception <a 'java/lang/ClassNotFoundException': org/gradle/api/internal/project/ProjectScriptBeanInfo> (0x00000000d5fef910) thrown at [C:\src\AOSP-openjdk-git\hotspot\src\share\vm\classfile\systemDictionary.cpp, line 210]
Event: 20.075 Thread 0x000000001ac16000 Exception <a 'java/lang/ClassNotFoundException': org/gradle/api/internal/project/ProjectScriptCustomizer> (0x00000000d6009e28) thrown at [C:\src\AOSP-openjdk-git\hotspot\src\share\vm\classfile\systemDictionary.cpp, line 210]
Event: 20.076 Thread 0x000000001ac16000 Exception <a 'java/lang/ClassNotFoundException': build_w1k4zaqnvlb391f4f1oo4btvCustomizer> (0x00000000d602bb30) thrown at [C:\src\AOSP-openjdk-git\hotspot\src\share\vm\classfile\systemDictionary.cpp, line 210]
Event: 20.091 Thread 0x000000001ac16000 Exception <a 'java/lang/ClassNotFoundException': groovy/lang/Closure$1BeanInfo> (0x00000000d6125718) thrown at [C:\src\AOSP-openjdk-git\hotspot\src\share\vm\classfile\systemDictionary.cpp, line 210]
Event: 20.092 Thread 0x000000001ac16000 Exception <a 'java/lang/ClassNotFoundException': groovy/lang/ClosureBeanInfo> (0x00000000d61461b0) thrown at [C:\src\AOSP-openjdk-git\hotspot\src\share\vm\classfile\systemDictionary.cpp, line 210]
Event: 20.093 Thread 0x000000001ac16000 Exception <a 'java/lang/ClassNotFoundException': groovy/lang/ClosureCustomizer> (0x00000000d6167500) thrown at [C:\src\AOSP-openjdk-git\hotspot\src\share\vm\classfile\systemDictionary.cpp, line 210]
Event: 20.096 Thread 0x000000001ac16000 Exception <a 'java/lang/ClassNotFoundException': groovy/lang/Closure$1Customizer> (0x00000000d61ae980) thrown at [C:\src\AOSP-openjdk-git\hotspot\src\share\vm\classfile\systemDictionary.cpp, line 210]

Events (10 events):
Event: 20.116 loading class groovyjarjarasm/asm/ClassTooLargeException
Event: 20.116 loading class groovyjarjarasm/asm/ClassTooLargeException done
Event: 20.116 loading class groovyjarjarasm/asm/SymbolTable
Event: 20.116 loading class groovyjarjarasm/asm/SymbolTable done
Event: 20.168 loading class groovyjarjarasm/asm/Symbol
Event: 20.168 loading class groovyjarjarasm/asm/Symbol done
Event: 20.168 loading class groovyjarjarasm/asm/SymbolTable$Entry
Event: 20.168 loading class groovyjarjarasm/asm/SymbolTable$Entry done
Event: 20.169 loading class groovyjarjarasm/asm/ByteVector
Event: 20.169 loading class groovyjarjarasm/asm/ByteVector done


Dynamic libraries:
0x00007ff635c90000 - 0x00007ff635cc1000 	C:\Program Files\Android\Android Studio\jre\bin\java.exe
0x00007ff8d6c10000 - 0x00007ff8d6e05000 	C:\WINDOWS\SYSTEM32\ntdll.dll
0x00007ff8d6770000 - 0x00007ff8d682d000 	C:\WINDOWS\System32\KERNEL32.DLL
0x00007ff8d4350000 - 0x00007ff8d4619000 	C:\WINDOWS\System32\KERNELBASE.dll
0x00007ff8d5b20000 - 0x00007ff8d5bcc000 	C:\WINDOWS\System32\ADVAPI32.dll
0x00007ff8d4ee0000 - 0x00007ff8d4f7e000 	C:\WINDOWS\System32\msvcrt.dll
0x00007ff8d5110000 - 0x00007ff8d51ac000 	C:\WINDOWS\System32\sechost.dll
0x00007ff8d5be0000 - 0x00007ff8d5d0b000 	C:\WINDOWS\System32\RPCRT4.dll
0x00007ff8d5510000 - 0x00007ff8d56b0000 	C:\WINDOWS\System32\USER32.dll
0x00007ff8d4840000 - 0x00007ff8d4862000 	C:\WINDOWS\System32\win32u.dll
0x00007ff8d54e0000 - 0x00007ff8d550a000 	C:\WINDOWS\System32\GDI32.dll
0x00007ff8d4b00000 - 0x00007ff8d4c0b000 	C:\WINDOWS\System32\gdi32full.dll
0x00007ff8d47a0000 - 0x00007ff8d483d000 	C:\WINDOWS\System32\msvcp_win.dll
0x00007ff8d4620000 - 0x00007ff8d4720000 	C:\WINDOWS\System32\ucrtbase.dll
0x00007ff8bbfe0000 - 0x00007ff8bc27a000 	C:\WINDOWS\WinSxS\amd64_microsoft.windows.common-controls_6595b64144ccf1df_6.0.19041.844_none_ca00b6081b84eb1d\COMCTL32.dll
0x00007ff8d6830000 - 0x00007ff8d6860000 	C:\WINDOWS\System32\IMM32.DLL
0x00000000613a0000 - 0x0000000061472000 	C:\Program Files\Android\Android Studio\jre\jre\bin\msvcr100.dll
0x0000000061480000 - 0x0000000061ccb000 	C:\Program Files\Android\Android Studio\jre\jre\bin\server\jvm.dll
0x00007ff8d5bd0000 - 0x00007ff8d5bd8000 	C:\WINDOWS\System32\PSAPI.DLL
0x00007ff8ce210000 - 0x00007ff8ce21a000 	C:\WINDOWS\SYSTEM32\VERSION.dll
0x00007ff8c9c80000 - 0x00007ff8c9ca7000 	C:\WINDOWS\SYSTEM32\WINMM.dll
0x00007ff8ca9c0000 - 0x00007ff8ca9c9000 	C:\WINDOWS\SYSTEM32\WSOCK32.dll
0x00007ff8d5470000 - 0x00007ff8d54db000 	C:\WINDOWS\System32\WS2_32.dll
0x00007ff8c98c0000 - 0x00007ff8c98cf000 	C:\Program Files\Android\Android Studio\jre\jre\bin\verify.dll
0x00007ff8bfe40000 - 0x00007ff8bfe69000 	C:\Program Files\Android\Android Studio\jre\jre\bin\java.dll
0x00007ff8c9550000 - 0x00007ff8c9566000 	C:\Program Files\Android\Android Studio\jre\jre\bin\zip.dll
0x00007ff8d6020000 - 0x00007ff8d6762000 	C:\WINDOWS\System32\SHELL32.dll
0x00007ff8d24b0000 - 0x00007ff8d2c40000 	C:\WINDOWS\SYSTEM32\windows.storage.dll
0x00007ff8d6860000 - 0x00007ff8d6bb5000 	C:\WINDOWS\System32\combase.dll
0x00007ff8d3cf0000 - 0x00007ff8d3d1c000 	C:\WINDOWS\SYSTEM32\Wldp.dll
0x00007ff8d5f70000 - 0x00007ff8d601e000 	C:\WINDOWS\System32\SHCORE.dll
0x00007ff8d4e20000 - 0x00007ff8d4e75000 	C:\WINDOWS\System32\shlwapi.dll
0x00007ff8d4290000 - 0x00007ff8d42af000 	C:\WINDOWS\SYSTEM32\profapi.dll
0x00007ff8c9510000 - 0x00007ff8c952a000 	C:\Program Files\Android\Android Studio\jre\jre\bin\net.dll
0x00007ff8d3a70000 - 0x00007ff8d3ada000 	C:\WINDOWS\system32\mswsock.dll
0x00007ff8c9260000 - 0x00007ff8c9273000 	C:\Program Files\Android\Android Studio\jre\jre\bin\nio.dll
0x00007ff8cd800000 - 0x00007ff8cd826000 	C:\Users\mdans\.gradle\native\31\windows-amd64\native-platform.dll
0x00007ff8c9000000 - 0x00007ff8c900d000 	C:\Program Files\Android\Android Studio\jre\jre\bin\management.dll
0x00007ff8d3c50000 - 0x00007ff8d3c68000 	C:\WINDOWS\SYSTEM32\CRYPTSP.dll
0x00007ff8d3410000 - 0x00007ff8d3444000 	C:\WINDOWS\system32\rsaenh.dll
0x00007ff8d4770000 - 0x00007ff8d4797000 	C:\WINDOWS\System32\bcrypt.dll
0x00007ff8d4250000 - 0x00007ff8d427e000 	C:\WINDOWS\SYSTEM32\USERENV.dll
0x00007ff8d4870000 - 0x00007ff8d48f0000 	C:\WINDOWS\System32\bcryptprimitives.dll
0x00007ff8d3c40000 - 0x00007ff8d3c4c000 	C:\WINDOWS\SYSTEM32\CRYPTBASE.dll
0x00007ff8d3760000 - 0x00007ff8d379b000 	C:\WINDOWS\SYSTEM32\IPHLPAPI.DLL
0x00007ff8d6bc0000 - 0x00007ff8d6bc8000 	C:\WINDOWS\System32\NSI.dll
0x00007ff8cbe90000 - 0x00007ff8cbea7000 	C:\WINDOWS\SYSTEM32\dhcpcsvc6.DLL
0x00007ff8cc7c0000 - 0x00007ff8cc7dd000 	C:\WINDOWS\SYSTEM32\dhcpcsvc.DLL
0x00007ff8d37b0000 - 0x00007ff8d387b000 	C:\WINDOWS\SYSTEM32\DNSAPI.dll

VM Arguments:
jvm_args: -Xmx2048m -Dfile.encoding=windows-1252 -Duser.country=US -Duser.language=en -Duser.variant 
java_command: org.gradle.launcher.daemon.bootstrap.GradleDaemon 6.1.1
java_class_path (initial): C:\Users\mdans\.gradle\wrapper\dists\gradle-6.1.1-all\cfmwm155h49vnt3hynmlrsdst\gradle-6.1.1\lib\gradle-launcher-6.1.1.jar
Launcher Type: SUN_STANDARD

Environment Variables:
JAVA_HOME=C:\Users\mdans\AppData\Local\Programs\AdoptOpenJDK
PATH=C:\Program Files\AdoptOpenJDK\jdk-15.0.2.7-hotspot\bin;C:\Program Files (x86)\Common Files\Oracle\Java\javapath;C:\Python38\Scripts\;C:\Python38\;C:\WINDOWS\system32;C:\WINDOWS;C:\WINDOWS\System32\Wbem;C:\WINDOWS\System32\WindowsPowerShell\v1.0\;C:\WINDOWS\System32\OpenSSH\;C:\Program Files\Git\cmd;C:\MinGW\bin;C:\Program Files\nodejs\;C:\ProgramData\chocolatey\bin;C:\Users\mdans\AppData\Local\Microsoft\WindowsApps;C:\Users\mdans\AppData\Local\Programs\Microsoft VS Code\bin;C:\Users\mdans\AppData\Local\GitHubDesktop\bin;C:\Users\mdans\AppData\Local\atom\bin;C:\Users\mdans\AppData\Roaming\npm;C:\Users\mdans\AppData\Local\Microsoft\WindowsApps
USERNAME=mdans
OS=Windows_NT
PROCESSOR_IDENTIFIER=Intel64 Family 6 Model 142 Stepping 11, GenuineIntel



---------------  S Y S T E M  ---------------

OS: Windows 10.0 , 64 bit Build 19041 (10.0.19041.804)

CPU:total 8 (initial active 8) (4 cores per cpu, 2 threads per core) family 6 model 142 stepping 11, cmov, cx8, fxsr, mmx, sse, sse2, sse3, ssse3, sse4.1, sse4.2, popcnt, avx, avx2, aes, clmul, erms, 3dnowpref, lzcnt, ht, tsc, tscinvbit, bmi1, bmi2, adx

Memory: 4k page, physical 8265968k(549740k free), swap 11337968k(5148k free)

vm_info: OpenJDK 64-Bit Server VM (25.242-b01) for windows-amd64 JRE (1.8.0_242-release-1644-b01), built by "builder" with MS VC++ 10.0 (VS2010)

time: Wed Apr 14 22:45:59 2021
timezone: India Standard Time
elapsed time: 20 seconds (0d 0h 0m 20s)

